@!@!@STARTMSG 2262:0 @!@!@
TLC2 Version 2.10 of 28 September 2017
@!@!@ENDMSG 2262 @!@!@
@!@!@STARTMSG 2187:0 @!@!@
Running breadth-first search Model-Checking with 6 workers on 12 cores with 2404MB heap and 5406MB offheap memory (Windows 10 10.0 amd64, Oracle Corporation 1.8.0_261 x86_64).
@!@!@ENDMSG 2187 @!@!@
@!@!@STARTMSG 2220:0 @!@!@
Starting SANY...
@!@!@ENDMSG 2220 @!@!@
Parsing file MC.tla
Parsing file transfer2.tla
Parsing file D:\DEPEND - courses\Internship\toolbox\plugins\org.lamport.tlatools_1.0.0.201710061831\tla2sany\StandardModules\TLC.tla
Parsing file D:\DEPEND - courses\Internship\toolbox\plugins\org.lamport.tlatools_1.0.0.201710061831\tla2sany\StandardModules\Naturals.tla
Parsing file D:\DEPEND - courses\Internship\toolbox\plugins\org.lamport.tlatools_1.0.0.201710061831\tla2sany\StandardModules\Sequences.tla
Semantic processing of module Naturals
Semantic processing of module Sequences
Semantic processing of module TLC
Semantic processing of module transfer2
Semantic processing of module MC
@!@!@STARTMSG 2219:0 @!@!@
SANY finished.
@!@!@ENDMSG 2219 @!@!@
@!@!@STARTMSG 2185:0 @!@!@
Starting... (2021-03-01 11:57:59)
@!@!@ENDMSG 2185 @!@!@
@!@!@STARTMSG 2189:0 @!@!@
Computing initial states...
@!@!@ENDMSG 2189 @!@!@
@!@!@STARTMSG 2190:0 @!@!@
Finished computing initial states: 20 distinct states generated.
@!@!@ENDMSG 2190 @!@!@
@!@!@STARTMSG 1000:1 @!@!@
TLC threw an unexpected exception.
This was probably caused by an error in the spec or model.
See the User Output or TLC Console for clues to what happened.
The exception was a tlc2.tool.EvalException
: @!@!@STARTMSG 2154:0 @!@!@
Attempted to apply the operator overridden by the Java method
public static tlc2.value.Value tlc2.module.TLC.Assert(tlc2.value.Value,tlc2.value.Value),
but it produced the following error:
@!@!@STARTMSG 2132:0 @!@!@
The first argument of Assert evaluated to FALSE; the second argument was:
"Failure of assertion at line 13, column 4."
@!@!@ENDMSG 2132 @!@!@
@!@!@ENDMSG 2154 @!@!@
@!@!@ENDMSG 1000 @!@!@
@!@!@STARTMSG 2121:1 @!@!@
The behavior up to this point is:
@!@!@ENDMSG 2121 @!@!@
@!@!@STARTMSG 2217:4 @!@!@
1: <Initial predicate>
/\ bob_account = 10
/\ money = 16
/\ alice_account = 10
/\ pc = "A"

@!@!@ENDMSG 2217 @!@!@
@!@!@STARTMSG 2217:4 @!@!@
2: <Action line 27, col 6 to line 30, col 42 of module transfer2>
/\ bob_account = 10
/\ money = 16
/\ alice_account = -6
/\ pc = "B"

@!@!@ENDMSG 2217 @!@!@
@!@!@STARTMSG 2217:4 @!@!@
3: <Action line 32, col 6 to line 35, col 44 of module transfer2>
/\ bob_account = 26
/\ money = 16
/\ alice_account = -6
/\ pc = "C"

@!@!@ENDMSG 2217 @!@!@
@!@!@STARTMSG 2103:1 @!@!@
The error occurred when TLC was evaluating the nested
expressions at the following positions:
0. Line 37, column 6 to line 41, column 57 in transfer2
1. Line 37, column 9 to line 37, column 16 in transfer2
2. Line 38, column 9 to line 39, column 60 in transfer2


@!@!@ENDMSG 2103 @!@!@
@!@!@STARTMSG 2201:0 @!@!@
The coverage statistics at 2021-03-01 11:57:59
@!@!@ENDMSG 2201 @!@!@
@!@!@STARTMSG 2221:0 @!@!@
  line 19, col 12 to line 19, col 24 of module transfer2: 0
@!@!@ENDMSG 2221 @!@!@
@!@!@STARTMSG 2221:0 @!@!@
  line 19, col 27 to line 19, col 37 of module transfer2: 0
@!@!@ENDMSG 2221 @!@!@
@!@!@STARTMSG 2221:0 @!@!@
  line 19, col 40 to line 19, col 44 of module transfer2: 0
@!@!@ENDMSG 2221 @!@!@
@!@!@STARTMSG 2221:0 @!@!@
  line 19, col 47 to line 19, col 48 of module transfer2: 0
@!@!@ENDMSG 2221 @!@!@
@!@!@STARTMSG 2221:0 @!@!@
  line 28, col 9 to line 28, col 46 of module transfer2: 20
@!@!@ENDMSG 2221 @!@!@
@!@!@STARTMSG 2221:0 @!@!@
  line 29, col 9 to line 29, col 17 of module transfer2: 20
@!@!@ENDMSG 2221 @!@!@
@!@!@STARTMSG 2221:0 @!@!@
  line 30, col 22 to line 30, col 32 of module transfer2: 20
@!@!@ENDMSG 2221 @!@!@
@!@!@STARTMSG 2221:0 @!@!@
  line 30, col 35 to line 30, col 39 of module transfer2: 20
@!@!@ENDMSG 2221 @!@!@
@!@!@STARTMSG 2221:0 @!@!@
  line 33, col 9 to line 33, col 42 of module transfer2: 17
@!@!@ENDMSG 2221 @!@!@
@!@!@STARTMSG 2221:0 @!@!@
  line 34, col 9 to line 34, col 17 of module transfer2: 17
@!@!@ENDMSG 2221 @!@!@
@!@!@STARTMSG 2221:0 @!@!@
  line 35, col 22 to line 35, col 34 of module transfer2: 17
@!@!@ENDMSG 2221 @!@!@
@!@!@STARTMSG 2221:0 @!@!@
  line 35, col 37 to line 35, col 41 of module transfer2: 17
@!@!@ENDMSG 2221 @!@!@
@!@!@STARTMSG 2221:0 @!@!@
  line 40, col 9 to line 40, col 20 of module transfer2: 6
@!@!@ENDMSG 2221 @!@!@
@!@!@STARTMSG 2221:0 @!@!@
  line 41, col 22 to line 41, col 34 of module transfer2: 6
@!@!@ENDMSG 2221 @!@!@
@!@!@STARTMSG 2221:0 @!@!@
  line 41, col 37 to line 41, col 47 of module transfer2: 6
@!@!@ENDMSG 2221 @!@!@
@!@!@STARTMSG 2221:0 @!@!@
  line 41, col 50 to line 41, col 54 of module transfer2: 6
@!@!@ENDMSG 2221 @!@!@
@!@!@STARTMSG 2202:0 @!@!@
End of statistics.
@!@!@ENDMSG 2202 @!@!@
@!@!@STARTMSG 2200:0 @!@!@
Progress(3) at 2021-03-01 11:57:59: 63 states generated (5,510 s/min), 63 distinct states found (5,510 ds/min), 14 states left on queue.
@!@!@ENDMSG 2200 @!@!@
@!@!@STARTMSG 2199:0 @!@!@
63 states generated, 63 distinct states found, 14 states left on queue.
@!@!@ENDMSG 2199 @!@!@
@!@!@STARTMSG 2194:0 @!@!@
The depth of the complete state graph search is 4.
@!@!@ENDMSG 2194 @!@!@
@!@!@STARTMSG 2268:0 @!@!@
The average outdegree of the complete state graph is 1 (minimum is 1, the maximum 1 and the 95th percentile is 1).
@!@!@ENDMSG 2268 @!@!@
@!@!@STARTMSG 2186:0 @!@!@
Finished in 915ms at (2021-03-01 11:57:59)
@!@!@ENDMSG 2186 @!@!@
